[2018-12-17 15:47:41] INFO [main: CodeCraft-2019.py, 21] car_path is config/car.txt
[2018-12-17 15:47:41] INFO [main: CodeCraft-2019.py, 22] road_path is config/road.txt
[2018-12-17 15:47:41] INFO [main: CodeCraft-2019.py, 23] cross_path is config/cross.txt
[2018-12-17 15:47:41] INFO [main: CodeCraft-2019.py, 24] answer_path is config/answer.txt[2019-03-15 16:28:22] INFO [main: CodeCraft-2019.py, 16] please input args: car_path, road_path, cross_path, answerPath
[2019-03-15 16:28:27] INFO [main: CodeCraft-2019.py, 16] please input args: car_path, road_path, cross_path, answerPath
[2019-03-15 16:28:34] INFO [main: CodeCraft-2019.py, 16] please input args: car_path, road_path, cross_path, answerPath
[2019-03-15 16:33:21] INFO [main: CodeCraft-2019.py, 24] car_path is ../config/car.txt
[2019-03-15 16:33:21] INFO [main: CodeCraft-2019.py, 25] road_path is ../config/road.txt
[2019-03-15 16:33:21] INFO [main: CodeCraft-2019.py, 26] cross_path is ../config/cross.txt
[2019-03-15 16:33:21] INFO [main: CodeCraft-2019.py, 27] answer_path is ../config/answer.txt
[2019-03-15 16:35:04] INFO [main: CodeCraft-2019.py, 24] car_path is ../config/car.txt
[2019-03-15 16:35:04] INFO [main: CodeCraft-2019.py, 25] road_path is ../config/road.txt
[2019-03-15 16:35:04] INFO [main: CodeCraft-2019.py, 26] cross_path is ../config/cross.txt
[2019-03-15 16:35:04] INFO [main: CodeCraft-2019.py, 27] answer_path is ../config/answer.txt
[2019-03-15 16:35:13] INFO [main: CodeCraft-2019.py, 24] car_path is ../config/car.txt
[2019-03-15 16:35:13] INFO [main: CodeCraft-2019.py, 25] road_path is ../config/road.txt
[2019-03-15 16:35:13] INFO [main: CodeCraft-2019.py, 26] cross_path is ../config/cross.txt
[2019-03-15 16:35:13] INFO [main: CodeCraft-2019.py, 27] answer_path is ../config/answer.txt
[2019-03-15 16:49:10] INFO [main: CodeCraft-2019.py, 24] car_path is ../config/car.txt
[2019-03-15 16:49:10] INFO [main: CodeCraft-2019.py, 25] road_path is ../config/road.txt
[2019-03-15 16:49:10] INFO [main: CodeCraft-2019.py, 26] cross_path is ../config/cross.txt
[2019-03-15 16:49:10] INFO [main: CodeCraft-2019.py, 27] answer_path is ../config/answer.txt
[2019-03-15 16:54:03] INFO [main: CodeCraft-2019.py, 24] car_path is ../config/car.txt
[2019-03-15 16:54:03] INFO [main: CodeCraft-2019.py, 25] road_path is ../config/road.txt
[2019-03-15 16:54:03] INFO [main: CodeCraft-2019.py, 26] cross_path is ../config/cross.txt
[2019-03-15 16:54:03] INFO [main: CodeCraft-2019.py, 27] answer_path is ../config/answer.txt
[2019-03-15 16:54:30] INFO [main: CodeCraft-2019.py, 24] car_path is ../config/car.txt
[2019-03-15 16:54:30] INFO [main: CodeCraft-2019.py, 25] road_path is ../config/road.txt
[2019-03-15 16:54:30] INFO [main: CodeCraft-2019.py, 26] cross_path is ../config/cross.txt
[2019-03-15 16:54:30] INFO [main: CodeCraft-2019.py, 27] answer_path is ../config/answer.txt
[2019-03-15 16:55:10] INFO [main: CodeCraft-2019.py, 24] car_path is ../config/car.txt
[2019-03-15 16:55:10] INFO [main: CodeCraft-2019.py, 25] road_path is ../config/road.txt
[2019-03-15 16:55:10] INFO [main: CodeCraft-2019.py, 26] cross_path is ../config/cross.txt
[2019-03-15 16:55:10] INFO [main: CodeCraft-2019.py, 27] answer_path is ../config/answer.txt
[2019-03-15 16:58:18] INFO [main: CodeCraft-2019.py, 24] car_path is ../config/car.txt
[2019-03-15 16:58:18] INFO [main: CodeCraft-2019.py, 25] road_path is ../config/road.txt
[2019-03-15 16:58:18] INFO [main: CodeCraft-2019.py, 26] cross_path is ../config/cross.txt
[2019-03-15 16:58:18] INFO [main: CodeCraft-2019.py, 27] answer_path is ../config/answer.txt
[2019-03-15 17:02:01] INFO [main: CodeCraft-2019.py, 24] car_path is ../config/car.txt
[2019-03-15 17:02:01] INFO [main: CodeCraft-2019.py, 25] road_path is ../config/road.txt
[2019-03-15 17:02:01] INFO [main: CodeCraft-2019.py, 26] cross_path is ../config/cross.txt
[2019-03-15 17:02:01] INFO [main: CodeCraft-2019.py, 27] answer_path is ../config/answer.txt
[2019-03-15 17:19:09] INFO [main: CodeCraft-2019.py, 24] car_path is ../config/car.txt
[2019-03-15 17:19:09] INFO [main: CodeCraft-2019.py, 25] road_path is ../config/road.txt
[2019-03-15 17:19:09] INFO [main: CodeCraft-2019.py, 26] cross_path is ../config/cross.txt
[2019-03-15 17:19:09] INFO [main: CodeCraft-2019.py, 27] answer_path is ../config/answer.txt
[2019-03-15 17:21:46] INFO [main: CodeCraft-2019.py, 24] car_path is ../config/car.txt
[2019-03-15 17:21:46] INFO [main: CodeCraft-2019.py, 25] road_path is ../config/road.txt
[2019-03-15 17:21:46] INFO [main: CodeCraft-2019.py, 26] cross_path is ../config/cross.txt
[2019-03-15 17:21:46] INFO [main: CodeCraft-2019.py, 27] answer_path is ../config/answer.txt
[2019-03-15 17:24:34] INFO [main: CodeCraft-2019.py, 24] car_path is ../config/car.txt
[2019-03-15 17:24:34] INFO [main: CodeCraft-2019.py, 25] road_path is ../config/road.txt
[2019-03-15 17:24:34] INFO [main: CodeCraft-2019.py, 26] cross_path is ../config/cross.txt
[2019-03-15 17:24:34] INFO [main: CodeCraft-2019.py, 27] answer_path is ../config/answer.txt
[2019-03-15 17:25:30] INFO [main: CodeCraft-2019.py, 24] car_path is ../config/car.txt
[2019-03-15 17:25:30] INFO [main: CodeCraft-2019.py, 25] road_path is ../config/road.txt
[2019-03-15 17:25:30] INFO [main: CodeCraft-2019.py, 26] cross_path is ../config/cross.txt
[2019-03-15 17:25:30] INFO [main: CodeCraft-2019.py, 27] answer_path is ../config/answer.txt
[2019-03-15 17:25:45] INFO [main: CodeCraft-2019.py, 24] car_path is ../config/car.txt
[2019-03-15 17:25:45] INFO [main: CodeCraft-2019.py, 25] road_path is ../config/road.txt
[2019-03-15 17:25:45] INFO [main: CodeCraft-2019.py, 26] cross_path is ../config/cross.txt
[2019-03-15 17:25:45] INFO [main: CodeCraft-2019.py, 27] answer_path is ../config/answer.txt
[2019-03-15 17:25:57] INFO [main: CodeCraft-2019.py, 24] car_path is ../config/car.txt
[2019-03-15 17:25:57] INFO [main: CodeCraft-2019.py, 25] road_path is ../config/road.txt
[2019-03-15 17:25:57] INFO [main: CodeCraft-2019.py, 26] cross_path is ../config/cross.txt
[2019-03-15 17:25:57] INFO [main: CodeCraft-2019.py, 27] answer_path is ../config/answer.txt
[2019-03-15 17:26:07] INFO [main: CodeCraft-2019.py, 24] car_path is ../config/car.txt
[2019-03-15 17:26:07] INFO [main: CodeCraft-2019.py, 25] road_path is ../config/road.txt
[2019-03-15 17:26:07] INFO [main: CodeCraft-2019.py, 26] cross_path is ../config/cross.txt
[2019-03-15 17:26:07] INFO [main: CodeCraft-2019.py, 27] answer_path is ../config/answer.txt
[2019-03-15 17:26:41] INFO [main: CodeCraft-2019.py, 24] car_path is ../config/car.txt
[2019-03-15 17:26:41] INFO [main: CodeCraft-2019.py, 25] road_path is ../config/road.txt
[2019-03-15 17:26:41] INFO [main: CodeCraft-2019.py, 26] cross_path is ../config/cross.txt
[2019-03-15 17:26:41] INFO [main: CodeCraft-2019.py, 27] answer_path is ../config/answer.txt
[2019-03-15 18:17:15] INFO [main: CodeCraft-2019.py, 24] car_path is ../config/car.txt
[2019-03-15 18:17:15] INFO [main: CodeCraft-2019.py, 25] road_path is ../config/road.txt
[2019-03-15 18:17:15] INFO [main: CodeCraft-2019.py, 26] cross_path is ../config/cross.txt
[2019-03-15 18:17:15] INFO [main: CodeCraft-2019.py, 27] answer_path is ../config/answer.txt
[2019-03-15 18:18:58] INFO [main: CodeCraft-2019.py, 24] car_path is ../config/car.txt
[2019-03-15 18:18:58] INFO [main: CodeCraft-2019.py, 25] road_path is ../config/road.txt
[2019-03-15 18:18:58] INFO [main: CodeCraft-2019.py, 26] cross_path is ../config/cross.txt
[2019-03-15 18:18:58] INFO [main: CodeCraft-2019.py, 27] answer_path is ../config/answer.txt
[2019-03-15 18:19:16] INFO [main: CodeCraft-2019.py, 24] car_path is ../config/car.txt
[2019-03-15 18:19:16] INFO [main: CodeCraft-2019.py, 25] road_path is ../config/road.txt
[2019-03-15 18:19:16] INFO [main: CodeCraft-2019.py, 26] cross_path is ../config/cross.txt
[2019-03-15 18:19:16] INFO [main: CodeCraft-2019.py, 27] answer_path is ../config/answer.txt
[2019-03-15 18:19:34] INFO [main: CodeCraft-2019.py, 24] car_path is ../config/car.txt
[2019-03-15 18:19:34] INFO [main: CodeCraft-2019.py, 25] road_path is ../config/road.txt
[2019-03-15 18:19:34] INFO [main: CodeCraft-2019.py, 26] cross_path is ../config/cross.txt
[2019-03-15 18:19:34] INFO [main: CodeCraft-2019.py, 27] answer_path is ../config/answer.txt
